# JRE version: Java(TM) SE Runtime Environment (8.0_102-b14) (build 1.8.0_102-b14)
# Java VM: Java HotSpot(TM) 64-Bit Server VM (25.102-b14 mixed mode bsd-amd64 compressed oops)
Heap:
 PSYoungGen      total 38400K, used 4402K [0x0000000795580000, 0x0000000798300000, 0x00000007c0000000)
  eden space 31232K, 13% used [0x0000000795580000,0x00000007959b4970,0x0000000797400000)
  from space 7168K, 1% used [0x0000000797b80000,0x0000000797b98000,0x0000000798280000)
  to   space 7680K, 0% used [0x0000000797400000,0x0000000797400000,0x0000000797b80000)
 ParOldGen       total 87552K, used 5985K [0x0000000740000000, 0x0000000745580000, 0x0000000795580000)
  object space 87552K, 6% used [0x0000000740000000,0x00000007405d86a0,0x0000000745580000)
 Metaspace       used 11008K, capacity 11169K, committed 11520K, reserved 1058816K
  class space    used 1155K, capacity 1215K, committed 1280K, reserved 1048576K
GC Heap History (10 events):
Event: 52.352 GC heap before
{Heap before GC invocations=4 (full 0):
 PSYoungGen      total 38400K, used 38322K [0x0000000795580000, 0x0000000798000000, 0x00000007c0000000)
  eden space 33280K, 100% used [0x0000000795580000,0x0000000797600000,0x0000000797600000)
  from space 5120K, 98% used [0x0000000797600000,0x0000000797aec8f0,0x0000000797b00000)
  to   space 5120K, 0% used [0x0000000797b00000,0x0000000797b00000,0x0000000798000000)
 ParOldGen       total 87552K, used 942K [0x0000000740000000, 0x0000000745580000, 0x0000000795580000)
  object space 87552K, 1% used [0x0000000740000000,0x00000007400ebb18,0x0000000745580000)
 Metaspace       used 10998K, capacity 11169K, committed 11520K, reserved 1058816K
  class space    used 1155K, capacity 1215K, committed 1280K, reserved 1048576K
Event: 52.361 GC heap after
Heap after GC invocations=4 (full 0):
 PSYoungGen      total 38400K, used 5058K [0x0000000795580000, 0x0000000798000000, 0x00000007c0000000)
  eden space 33280K, 0% used [0x0000000795580000,0x0000000795580000,0x0000000797600000)
  from space 5120K, 98% used [0x0000000797b00000,0x0000000797ff0900,0x0000000798000000)
  to   space 5120K, 0% used [0x0000000797600000,0x0000000797600000,0x0000000797b00000)
 ParOldGen       total 87552K, used 950K [0x0000000740000000, 0x0000000745580000, 0x0000000795580000)
  object space 87552K, 1% used [0x0000000740000000,0x00000007400edb18,0x0000000745580000)
 Metaspace       used 10998K, capacity 11169K, committed 11520K, reserved 1058816K
  class space    used 1155K, capacity 1215K, committed 1280K, reserved 1048576K
}
Event: 67.766 GC heap before
{Heap before GC invocations=5 (full 0):
 PSYoungGen      total 38400K, used 38338K [0x0000000795580000, 0x0000000798000000, 0x00000007c0000000)
  eden space 33280K, 100% used [0x0000000795580000,0x0000000797600000,0x0000000797600000)
  from space 5120K, 98% used [0x0000000797b00000,0x0000000797ff0900,0x0000000798000000)
  to   space 5120K, 0% used [0x0000000797600000,0x0000000797600000,0x0000000797b00000)
 ParOldGen       total 87552K, used 950K [0x0000000740000000, 0x0000000745580000, 0x0000000795580000)
  object space 87552K, 1% used [0x0000000740000000,0x00000007400edb18,0x0000000745580000)
 Metaspace       used 11002K, capacity 11169K, committed 11520K, reserved 1058816K
  class space    used 1155K, capacity 1215K, committed 1280K, reserved 1048576K
Event: 67.774 GC heap after
Heap after GC invocations=5 (full 0):
 PSYoungGen      total 37888K, used 5026K [0x0000000795580000, 0x0000000798180000, 0x00000007c0000000)
  eden space 32768K, 0% used [0x0000000795580000,0x0000000795580000,0x0000000797580000)
  from space 5120K, 98% used [0x0000000797600000,0x0000000797ae8900,0x0000000797b00000)
  to   space 6144K, 0% used [0x0000000797b80000,0x0000000797b80000,0x0000000798180000)
 ParOldGen       total 87552K, used 958K [0x0000000740000000, 0x0000000745580000, 0x0000000795580000)
  object space 87552K, 1% used [0x0000000740000000,0x00000007400efb18,0x0000000745580000)
 Metaspace       used 11002K, capacity 11169K, committed 11520K, reserved 1058816K
  class space    used 1155K, capacity 1215K, committed 1280K, reserved 1048576K
}
Event: 83.236 GC heap before
{Heap before GC invocations=6 (full 0):
 PSYoungGen      total 37888K, used 37794K [0x0000000795580000, 0x0000000798180000, 0x00000007c0000000)
  eden space 32768K, 100% used [0x0000000795580000,0x0000000797580000,0x0000000797580000)
  from space 5120K, 98% used [0x0000000797600000,0x0000000797ae8900,0x0000000797b00000)
  to   space 6144K, 0% used [0x0000000797b80000,0x0000000797b80000,0x0000000798180000)
 ParOldGen       total 87552K, used 958K [0x0000000740000000, 0x0000000745580000, 0x0000000795580000)
  object space 87552K, 1% used [0x0000000740000000,0x00000007400efb18,0x0000000745580000)
 Metaspace       used 11002K, capacity 11169K, committed 11520K, reserved 1058816K
  class space    used 1155K, capacity 1215K, committed 1280K, reserved 1048576K
Event: 83.243 GC heap after
Heap after GC invocations=6 (full 0):
 PSYoungGen      total 37888K, used 5074K [0x0000000795580000, 0x0000000798100000, 0x00000007c0000000)
  eden space 32256K, 0% used [0x0000000795580000,0x0000000795580000,0x0000000797500000)
  from space 5632K, 90% used [0x0000000797b80000,0x00000007980748f0,0x0000000798100000)
  to   space 6144K, 0% used [0x0000000797500000,0x0000000797500000,0x0000000797b00000)
 ParOldGen       total 87552K, used 958K [0x0000000740000000, 0x0000000745580000, 0x0000000795580000)
  object space 87552K, 1% used [0x0000000740000000,0x00000007400efb18,0x0000000745580000)
 Metaspace       used 11002K, capacity 11169K, committed 11520K, reserved 1058816K
  class space    used 1155K, capacity 1215K, committed 1280K, reserved 1048576K
}
Event: 99.196 GC heap before
{Heap before GC invocations=7 (full 0):
 PSYoungGen      total 37888K, used 37330K [0x0000000795580000, 0x0000000798100000, 0x00000007c0000000)
  eden space 32256K, 100% used [0x0000000795580000,0x0000000797500000,0x0000000797500000)
  from space 5632K, 90% used [0x0000000797b80000,0x00000007980748f0,0x0000000798100000)
  to   space 6144K, 0% used [0x0000000797500000,0x0000000797500000,0x0000000797b00000)
 ParOldGen       total 87552K, used 958K [0x0000000740000000, 0x0000000745580000, 0x0000000795580000)
  object space 87552K, 1% used [0x0000000740000000,0x00000007400efb18,0x0000000745580000)
 Metaspace       used 11002K, capacity 11169K, committed 11520K, reserved 1058816K
  class space    used 1155K, capacity 1215K, committed 1280K, reserved 1048576K
Event: 99.206 GC heap after
Heap after GC invocations=7 (full 0):
 PSYoungGen      total 37888K, used 96K [0x0000000795580000, 0x0000000798280000, 0x00000007c0000000)
  eden space 31744K, 0% used [0x0000000795580000,0x0000000795580000,0x0000000797480000)
  from space 6144K, 1% used [0x0000000797500000,0x0000000797518000,0x0000000797b00000)
  to   space 7168K, 0% used [0x0000000797b80000,0x0000000797b80000,0x0000000798280000)
 ParOldGen       total 87552K, used 5961K [0x0000000740000000, 0x0000000745580000, 0x0000000795580000)
  object space 87552K, 6% used [0x0000000740000000,0x00000007405d26a0,0x0000000745580000)
 Metaspace       used 11002K, capacity 11169K, committed 11520K, reserved 1058816K
  class space    used 1155K, capacity 1215K, committed 1280K, reserved 1048576K
}
Event: 114.637 GC heap before
{Heap before GC invocations=8 (full 0):
 PSYoungGen      total 37888K, used 31840K [0x0000000795580000, 0x0000000798280000, 0x00000007c0000000)
  eden space 31744K, 100% used [0x0000000795580000,0x0000000797480000,0x0000000797480000)
  from space 6144K, 1% used [0x0000000797500000,0x0000000797518000,0x0000000797b00000)
  to   space 7168K, 0% used [0x0000000797b80000,0x0000000797b80000,0x0000000798280000)
 ParOldGen       total 87552K, used 5961K [0x0000000740000000, 0x0000000745580000, 0x0000000795580000)
  object space 87552K, 6% used [0x0000000740000000,0x00000007405d26a0,0x0000000745580000)
 Metaspace       used 11002K, capacity 11169K, committed 11520K, reserved 1058816K
  class space    used 1155K, capacity 1215K, committed 1280K, reserved 1048576K
Event: 114.639 GC heap after
Heap after GC invocations=8 (full 0):
 PSYoungGen      total 38400K, used 96K [0x0000000795580000, 0x0000000798300000, 0x00000007c0000000)
  eden space 31232K, 0% used [0x0000000795580000,0x0000000795580000,0x0000000797400000)
  from space 7168K, 1% used [0x0000000797b80000,0x0000000797b98000,0x0000000798280000)
  to   space 7680K, 0% used [0x0000000797400000,0x0000000797400000,0x0000000797b80000)
 ParOldGen       total 87552K, used 5985K [0x0000000740000000, 0x0000000745580000, 0x0000000795580000)
  object space 87552K, 6% used [0x0000000740000000,0x00000007405d86a0,0x0000000745580000)
 Metaspace       used 11002K, capacity 11169K, committed 11520K, reserved 1058816K
  class space    used 1155K, capacity 1215K, committed 1280K, reserved 1048576K
}

